<?xml version="1.0" encoding="UTF-8"?>
<!-- Generated by org.testng.reporters.JUnitReportReporter -->
<testsuite hostname="DESKTOP-PK5F6A8" failures="0" tests="10" name="com.api.test.LoginAPITestDemo" time="6.752" errors="0" timestamp="2025-07-01T21:43:57 IST" skipped="0">
  <testcase classname="com.api.test.LoginAPITestDemo" name="testResponseTimeValidation" time="0.726"/>
  <system-out/>
  <testcase classname="com.api.test.LoginAPITestDemo" name="testInvalidRequestDemo" time="0.998"/>
  <system-out/>
  <testcase classname="com.api.test.LoginAPITestDemo" name="testRequestResponseLogging" time="0.901"/>
  <system-out/>
  <testcase classname="com.api.test.LoginAPITestDemo" name="testInvalidRequestDemo" time="0.673"/>
  <system-out/>
  <testcase classname="com.api.test.LoginAPITestDemo" name="testValidLoginDemo" time="0.828"/>
  <system-out/>
  <testcase classname="com.api.test.LoginAPITestDemo" name="testResponseTimeValidation" time="0.679"/>
  <system-out/>
  <testcase classname="com.api.test.LoginAPITestDemo" name="testHttpMethodValidation" time="0.115"/>
  <system-out/>
  <testcase classname="com.api.test.LoginAPITestDemo" name="testHttpMethodValidation" time="0.199"/>
  <system-out/>
  <testcase classname="com.api.test.LoginAPITestDemo" name="testValidLoginDemo" time="0.785"/>
  <system-out/>
  <testcase classname="com.api.test.LoginAPITestDemo" name="testRequestResponseLogging" time="0.848"/>
  <system-out/>
</testsuite> <!-- com.api.test.LoginAPITestDemo -->
