<?xml version="1.0" encoding="UTF-8"?>
<!-- Generated by org.testng.reporters.JUnitReportReporter -->
<testsuite hostname="DESKTOP-PK5F6A8" failures="0" tests="16" name="com.api.test.LoginAPITest" time="23.199" errors="0" timestamp="2025-07-01T21:43:57 IST" skipped="0">
  <testcase classname="com.api.test.LoginAPITest" name="testEmptyRequestBody" time="3.260"/>
  <system-out/>
  <testcase classname="com.api.test.LoginAPITest" name="testMissingPassword" time="1.066"/>
  <system-out/>
  <testcase classname="com.api.test.LoginAPITest" name="testWrongCredentials" time="1.333"/>
  <system-out/>
  <testcase classname="com.api.test.LoginAPITest" name="testValidLogin" time="1.136"/>
  <system-out/>
  <testcase classname="com.api.test.LoginAPITest" name="testInvalidEmailFormat" time="2.530"/>
  <system-out/>
  <testcase classname="com.api.test.LoginAPITest" name="testResponseTime" time="1.061"/>
  <system-out/>
  <testcase classname="com.api.test.LoginAPITest" name="testWrongCredentials" time="1.098"/>
  <system-out/>
  <testcase classname="com.api.test.LoginAPITest" name="testMissingPassword" time="1.082"/>
  <system-out/>
  <testcase classname="com.api.test.LoginAPITest" name="testValidLogin" time="1.331"/>
  <system-out/>
  <testcase classname="com.api.test.LoginAPITest" name="testEmptyRequestBody" time="1.068"/>
  <system-out/>
  <testcase classname="com.api.test.LoginAPITest" name="testInvalidEmailFormat" time="1.386"/>
  <system-out/>
  <testcase classname="com.api.test.LoginAPITest" name="testMissingEmail" time="1.123"/>
  <system-out/>
  <testcase classname="com.api.test.LoginAPITest" name="testResponseTime" time="1.707"/>
  <system-out/>
  <testcase classname="com.api.test.LoginAPITest" name="testWrongHttpMethod" time="1.309"/>
  <system-out/>
  <testcase classname="com.api.test.LoginAPITest" name="testMissingEmail" time="1.437"/>
  <system-out/>
  <testcase classname="com.api.test.LoginAPITest" name="testWrongHttpMethod" time="1.272"/>
  <system-out/>
</testsuite> <!-- com.api.test.LoginAPITest -->
