<?xml version="1.0" encoding="UTF-8"?>
<!-- Generated by org.testng.reporters.JUnitReportReporter -->
<testsuite hostname="DESKTOP-PK5F6A8" failures="0" tests="7" name="com.testproject.tests.SauceDemoTestNGTest" time="70.288" errors="0" timestamp="2025-06-29T16:26:01 IST" skipped="0">
  <testcase classname="com.testproject.tests.SauceDemoTestNGTest" name="testAddIndividualItemsToCart" time="6.926"/>
  <system-out/>
  <testcase classname="com.testproject.tests.SauceDemoTestNGTest" name="testLoginWithDataProvider" time="12.262"/>
  <system-out/>
  <testcase classname="com.testproject.tests.SauceDemoTestNGTest" name="testLoginWithDataProvider" time="12.230"/>
  <system-out/>
  <testcase classname="com.testproject.tests.SauceDemoTestNGTest" name="testCheckoutProcess" time="11.741"/>
  <system-out/>
  <testcase classname="com.testproject.tests.SauceDemoTestNGTest" name="testLoginAndTitleVerification" time="7.816"/>
  <system-out/>
  <testcase classname="com.testproject.tests.SauceDemoTestNGTest" name="testLoginWithDataProvider" time="8.117"/>
  <system-out/>
  <testcase classname="com.testproject.tests.SauceDemoTestNGTest" name="testCompleteShoppingFlow" time="11.196"/>
  <system-out/>
</testsuite> <!-- com.testproject.tests.SauceDemoTestNGTest -->
